{"C:\\workspaces\\FITTOSS_BACKEND\\Backend\\db.js": {"path":"C:\\workspaces\\FITTOSS_BACKEND\\Backend\\db.js","statementMap":{"0":{"start":{"line":4,"column":0},"end":{"line":4,"column":16}},"1":{"start":{"line":6,"column":0},"end":{"line":6,"column":66}},"2":{"start":{"line":6,"column":26},"end":{"line":6,"column":66}},"3":{"start":{"line":8,"column":0},"end":{"line":16,"column":46}},"4":{"start":{"line":15,"column":14},"end":{"line":15,"column":47}},"5":{"start":{"line":16,"column":18},"end":{"line":16,"column":44}}},"fnMap":{"0":{"name":"(anonymous_0)","decl":{"start":{"line":15,"column":8},"end":{"line":15,"column":9}},"loc":{"start":{"line":15,"column":14},"end":{"line":15,"column":47}},"line":15},"1":{"name":"(anonymous_1)","decl":{"start":{"line":16,"column":9},"end":{"line":16,"column":10}},"loc":{"start":{"line":16,"column":18},"end":{"line":16,"column":44}},"line":16}},"branchMap":{"0":{"loc":{"start":{"line":6,"column":0},"end":{"line":6,"column":66}},"type":"if","locations":[{"start":{"line":6,"column":0},"end":{"line":6,"column":66}},{"start":{"line":6,"column":0},"end":{"line":6,"column":66}}],"line":6}},"s":{"0":1,"1":1,"2":0,"3":1,"4":1,"5":0},"f":{"0":1,"1":0},"b":{"0":[0,1]},"_coverageSchema":"1a1c01bbd47fc00a2c39e90264f33305004495a9","hash":"94400e8655eb8af703804e60e606db12ff098994"}
,"C:\\workspaces\\FITTOSS_BACKEND\\Backend\\routes.js": {"path":"C:\\workspaces\\FITTOSS_BACKEND\\Backend\\routes.js","statementMap":{"0":{"start":{"line":2,"column":13},"end":{"line":2,"column":19}},"1":{"start":{"line":5,"column":17},"end":{"line":5,"column":28}},"2":{"start":{"line":8,"column":17},"end":{"line":8,"column":28}},"3":{"start":{"line":11,"column":14},"end":{"line":11,"column":22}},"4":{"start":{"line":14,"column":15},"end":{"line":14,"column":24}},"5":{"start":{"line":17,"column":22},"end":{"line":17,"column":30}},"6":{"start":{"line":20,"column":23},"end":{"line":20,"column":40}},"7":{"start":{"line":23,"column":24},"end":{"line":23,"column":42}},"8":{"start":{"line":26,"column":20},"end":{"line":26,"column":34}},"9":{"start":{"line":27,"column":21},"end":{"line":27,"column":36}},"10":{"start":{"line":30,"column":16},"end":{"line":30,"column":26}},"11":{"start":{"line":32,"column":22},"end":{"line":44,"column":1}}},"fnMap":{},"branchMap":{},"s":{"0":1,"1":1,"2":1,"3":1,"4":1,"5":1,"6":1,"7":1,"8":1,"9":1,"10":1,"11":1},"f":{},"b":{},"_coverageSchema":"1a1c01bbd47fc00a2c39e90264f33305004495a9","hash":"11299ebda05ee79dd542398befc3e1827b13612c"}
,"C:\\workspaces\\FITTOSS_BACKEND\\Backend\\server.js": {"path":"C:\\workspaces\\FITTOSS_BACKEND\\Backend\\server.js","statementMap":{"0":{"start":{"line":12,"column":0},"end":{"line":12,"column":16}},"1":{"start":{"line":13,"column":12},"end":{"line":13,"column":21}},"2":{"start":{"line":15,"column":41},"end":{"line":15,"column":52}},"3":{"start":{"line":17,"column":0},"end":{"line":17,"column":24}},"4":{"start":{"line":18,"column":0},"end":{"line":18,"column":23}},"5":{"start":{"line":19,"column":0},"end":{"line":19,"column":24}},"6":{"start":{"line":20,"column":0},"end":{"line":27,"column":2}},"7":{"start":{"line":30,"column":0},"end":{"line":30,"column":35}},"8":{"start":{"line":33,"column":0},"end":{"line":36,"column":3}},"9":{"start":{"line":34,"column":2},"end":{"line":34,"column":33}},"10":{"start":{"line":35,"column":2},"end":{"line":35,"column":53}},"11":{"start":{"line":38,"column":0},"end":{"line":40,"column":3}},"12":{"start":{"line":39,"column":2},"end":{"line":39,"column":71}},"13":{"start":{"line":42,"column":0},"end":{"line":42,"column":45}},"14":{"start":{"line":42,"column":11},"end":{"line":42,"column":45}},"15":{"start":{"line":44,"column":0},"end":{"line":46,"column":3}},"16":{"start":{"line":45,"column":2},"end":{"line":45,"column":45}}},"fnMap":{"0":{"name":"(anonymous_0)","decl":{"start":{"line":33,"column":8},"end":{"line":33,"column":9}},"loc":{"start":{"line":33,"column":33},"end":{"line":36,"column":1}},"line":33},"1":{"name":"(anonymous_1)","decl":{"start":{"line":38,"column":8},"end":{"line":38,"column":9}},"loc":{"start":{"line":38,"column":22},"end":{"line":40,"column":1}},"line":38},"2":{"name":"(anonymous_2)","decl":{"start":{"line":44,"column":17},"end":{"line":44,"column":18}},"loc":{"start":{"line":44,"column":23},"end":{"line":46,"column":1}},"line":44}},"branchMap":{"0":{"loc":{"start":{"line":34,"column":13},"end":{"line":34,"column":31}},"type":"binary-expr","locations":[{"start":{"line":34,"column":13},"end":{"line":34,"column":23}},{"start":{"line":34,"column":27},"end":{"line":34,"column":31}}],"line":34},"1":{"loc":{"start":{"line":42,"column":0},"end":{"line":42,"column":45}},"type":"if","locations":[{"start":{"line":42,"column":0},"end":{"line":42,"column":45}},{"start":{"line":42,"column":0},"end":{"line":42,"column":45}}],"line":42}},"s":{"0":1,"1":1,"2":1,"3":1,"4":1,"5":1,"6":1,"7":1,"8":1,"9":0,"10":0,"11":1,"12":0,"13":1,"14":0,"15":1,"16":1},"f":{"0":0,"1":0,"2":1},"b":{"0":[0,0],"1":[0,1]},"_coverageSchema":"1a1c01bbd47fc00a2c39e90264f33305004495a9","hash":"0c6abc688d1957f44887c029a745b35a5b03ea1d"}
,"C:\\workspaces\\FITTOSS_BACKEND\\Backend\\controllers\\golobalController.js": {"path":"C:\\workspaces\\FITTOSS_BACKEND\\Backend\\controllers\\golobalController.js","statementMap":{"0":{"start":{"line":11,"column":26},"end":{"line":11,"column":43}},"1":{"start":{"line":13,"column":62},"end":{"line":13,"column":73}},"2":{"start":{"line":15,"column":26},"end":{"line":31,"column":1}},"3":{"start":{"line":16,"column":2},"end":{"line":30,"column":3}},"4":{"start":{"line":17,"column":4},"end":{"line":27,"column":5}},"5":{"start":{"line":18,"column":6},"end":{"line":21,"column":9}},"6":{"start":{"line":23,"column":6},"end":{"line":26,"column":9}},"7":{"start":{"line":29,"column":4},"end":{"line":29,"column":16}},"8":{"start":{"line":33,"column":31},"end":{"line":55,"column":1}},"9":{"start":{"line":34,"column":2},"end":{"line":54,"column":3}},"10":{"start":{"line":35,"column":30},"end":{"line":35,"column":39}},"11":{"start":{"line":37,"column":20},"end":{"line":40,"column":6}},"12":{"start":{"line":42,"column":4},"end":{"line":43,"column":58}},"13":{"start":{"line":43,"column":6},"end":{"line":43,"column":58}},"14":{"start":{"line":45,"column":23},"end":{"line":49,"column":5}},"15":{"start":{"line":51,"column":4},"end":{"line":51,"column":62}},"16":{"start":{"line":53,"column":4},"end":{"line":53,"column":16}},"17":{"start":{"line":57,"column":25},"end":{"line":66,"column":1}},"18":{"start":{"line":58,"column":2},"end":{"line":65,"column":3}},"19":{"start":{"line":59,"column":4},"end":{"line":59,"column":73}},"20":{"start":{"line":59,"column":31},"end":{"line":59,"column":73}},"21":{"start":{"line":61,"column":4},"end":{"line":61,"column":26}},"22":{"start":{"line":62,"column":4},"end":{"line":62,"column":44}},"23":{"start":{"line":64,"column":4},"end":{"line":64,"column":16}},"24":{"start":{"line":68,"column":28},"end":{"line":107,"column":1}},"25":{"start":{"line":69,"column":2},"end":{"line":106,"column":3}},"26":{"start":{"line":70,"column":32},"end":{"line":70,"column":40}},"27":{"start":{"line":73,"column":4},"end":{"line":74,"column":59}},"28":{"start":{"line":74,"column":6},"end":{"line":74,"column":59}},"29":{"start":{"line":77,"column":41},"end":{"line":80,"column":6}},"30":{"start":{"line":82,"column":4},"end":{"line":82,"column":28}},"31":{"start":{"line":83,"column":4},"end":{"line":83,"column":65}},"32":{"start":{"line":83,"column":20},"end":{"line":83,"column":65}},"33":{"start":{"line":86,"column":4},"end":{"line":87,"column":60}},"34":{"start":{"line":87,"column":6},"end":{"line":87,"column":60}},"35":{"start":{"line":90,"column":21},"end":{"line":90,"column":35}},"36":{"start":{"line":92,"column":20},"end":{"line":92,"column":65}},"37":{"start":{"line":93,"column":25},"end":{"line":100,"column":6}},"38":{"start":{"line":102,"column":4},"end":{"line":102,"column":40}},"39":{"start":{"line":103,"column":4},"end":{"line":103,"column":56}},"40":{"start":{"line":105,"column":4},"end":{"line":105,"column":16}},"41":{"start":{"line":109,"column":26},"end":{"line":140,"column":1}},"42":{"start":{"line":110,"column":2},"end":{"line":139,"column":3}},"43":{"start":{"line":111,"column":32},"end":{"line":111,"column":40}},"44":{"start":{"line":113,"column":4},"end":{"line":114,"column":59}},"45":{"start":{"line":114,"column":6},"end":{"line":114,"column":59}},"46":{"start":{"line":116,"column":17},"end":{"line":116,"column":65}},"47":{"start":{"line":117,"column":4},"end":{"line":117,"column":63}},"48":{"start":{"line":117,"column":15},"end":{"line":117,"column":63}},"49":{"start":{"line":119,"column":20},"end":{"line":119,"column":58}},"50":{"start":{"line":120,"column":4},"end":{"line":120,"column":64}},"51":{"start":{"line":120,"column":18},"end":{"line":120,"column":64}},"52":{"start":{"line":122,"column":4},"end":{"line":132,"column":5}},"53":{"start":{"line":123,"column":23},"end":{"line":123,"column":37}},"54":{"start":{"line":124,"column":19},"end":{"line":128,"column":7}},"55":{"start":{"line":130,"column":6},"end":{"line":130,"column":42}},"56":{"start":{"line":131,"column":6},"end":{"line":131,"column":54}},"57":{"start":{"line":134,"column":4},"end":{"line":134,"column":32}},"58":{"start":{"line":135,"column":4},"end":{"line":135,"column":28}},"59":{"start":{"line":136,"column":4},"end":{"line":136,"column":56}},"60":{"start":{"line":138,"column":4},"end":{"line":138,"column":16}},"61":{"start":{"line":142,"column":34},"end":{"line":163,"column":1}},"62":{"start":{"line":143,"column":2},"end":{"line":162,"column":3}},"63":{"start":{"line":144,"column":22},"end":{"line":144,"column":30}},"64":{"start":{"line":145,"column":21},"end":{"line":145,"column":58}},"65":{"start":{"line":147,"column":4},"end":{"line":147,"column":61}},"66":{"start":{"line":147,"column":16},"end":{"line":147,"column":61}},"67":{"start":{"line":149,"column":35},"end":{"line":152,"column":6}},"68":{"start":{"line":153,"column":4},"end":{"line":153,"column":63}},"69":{"start":{"line":153,"column":15},"end":{"line":153,"column":63}},"70":{"start":{"line":155,"column":4},"end":{"line":155,"column":35}},"71":{"start":{"line":156,"column":4},"end":{"line":156,"column":22}},"72":{"start":{"line":157,"column":4},"end":{"line":157,"column":45}},"73":{"start":{"line":159,"column":4},"end":{"line":159,"column":44}},"74":{"start":{"line":161,"column":4},"end":{"line":161,"column":16}},"75":{"start":{"line":165,"column":35},"end":{"line":185,"column":1}},"76":{"start":{"line":166,"column":2},"end":{"line":184,"column":3}},"77":{"start":{"line":167,"column":4},"end":{"line":167,"column":73}},"78":{"start":{"line":167,"column":31},"end":{"line":167,"column":73}},"79":{"start":{"line":169,"column":25},"end":{"line":169,"column":33}},"80":{"start":{"line":170,"column":4},"end":{"line":170,"column":65}},"81":{"start":{"line":170,"column":19},"end":{"line":170,"column":65}},"82":{"start":{"line":172,"column":4},"end":{"line":173,"column":60}},"83":{"start":{"line":173,"column":6},"end":{"line":173,"column":60}},"84":{"start":{"line":175,"column":27},"end":{"line":175,"column":51}},"85":{"start":{"line":176,"column":4},"end":{"line":179,"column":6}},"86":{"start":{"line":181,"column":4},"end":{"line":181,"column":44}},"87":{"start":{"line":183,"column":4},"end":{"line":183,"column":16}},"88":{"start":{"line":187,"column":31},"end":{"line":204,"column":1}},"89":{"start":{"line":188,"column":2},"end":{"line":203,"column":3}},"90":{"start":{"line":189,"column":20},"end":{"line":189,"column":61}},"91":{"start":{"line":190,"column":19},"end":{"line":196,"column":5}},"92":{"start":{"line":198,"column":19},"end":{"line":198,"column":57}},"93":{"start":{"line":199,"column":21},"end":{"line":199,"column":43}},"94":{"start":{"line":200,"column":4},"end":{"line":200,"column":34}},"95":{"start":{"line":202,"column":4},"end":{"line":202,"column":16}},"96":{"start":{"line":206,"column":32},"end":{"line":264,"column":1}},"97":{"start":{"line":207,"column":2},"end":{"line":263,"column":3}},"98":{"start":{"line":208,"column":21},"end":{"line":208,"column":30}},"99":{"start":{"line":210,"column":20},"end":{"line":210,"column":57}},"100":{"start":{"line":211,"column":19},"end":{"line":217,"column":5}},"101":{"start":{"line":218,"column":19},"end":{"line":218,"column":57}},"102":{"start":{"line":219,"column":21},"end":{"line":219,"column":43}},"103":{"start":{"line":221,"column":25},"end":{"line":228,"column":12}},"104":{"start":{"line":230,"column":4},"end":{"line":260,"column":5}},"105":{"start":{"line":231,"column":31},"end":{"line":231,"column":43}},"106":{"start":{"line":232,"column":21},"end":{"line":232,"column":94}},"107":{"start":{"line":233,"column":23},"end":{"line":241,"column":14}},"108":{"start":{"line":243,"column":24},"end":{"line":243,"column":46}},"109":{"start":{"line":244,"column":17},"end":{"line":244,"column":46}},"110":{"start":{"line":245,"column":6},"end":{"line":251,"column":7}},"111":{"start":{"line":246,"column":8},"end":{"line":250,"column":11}},"112":{"start":{"line":253,"column":6},"end":{"line":253,"column":34}},"113":{"start":{"line":254,"column":6},"end":{"line":254,"column":30}},"114":{"start":{"line":255,"column":6},"end":{"line":255,"column":65}},"115":{"start":{"line":257,"column":6},"end":{"line":259,"column":61}},"116":{"start":{"line":262,"column":4},"end":{"line":262,"column":16}}},"fnMap":{"0":{"name":"(anonymous_0)","decl":{"start":{"line":15,"column":26},"end":{"line":15,"column":27}},"loc":{"start":{"line":15,"column":52},"end":{"line":31,"column":1}},"line":15},"1":{"name":"(anonymous_1)","decl":{"start":{"line":33,"column":31},"end":{"line":33,"column":32}},"loc":{"start":{"line":33,"column":57},"end":{"line":55,"column":1}},"line":33},"2":{"name":"(anonymous_2)","decl":{"start":{"line":57,"column":25},"end":{"line":57,"column":26}},"loc":{"start":{"line":57,"column":45},"end":{"line":66,"column":1}},"line":57},"3":{"name":"(anonymous_3)","decl":{"start":{"line":68,"column":28},"end":{"line":68,"column":29}},"loc":{"start":{"line":68,"column":54},"end":{"line":107,"column":1}},"line":68},"4":{"name":"(anonymous_4)","decl":{"start":{"line":109,"column":26},"end":{"line":109,"column":27}},"loc":{"start":{"line":109,"column":52},"end":{"line":140,"column":1}},"line":109},"5":{"name":"(anonymous_5)","decl":{"start":{"line":142,"column":34},"end":{"line":142,"column":35}},"loc":{"start":{"line":142,"column":60},"end":{"line":163,"column":1}},"line":142},"6":{"name":"(anonymous_6)","decl":{"start":{"line":165,"column":35},"end":{"line":165,"column":36}},"loc":{"start":{"line":165,"column":61},"end":{"line":185,"column":1}},"line":165},"7":{"name":"(anonymous_7)","decl":{"start":{"line":187,"column":31},"end":{"line":187,"column":32}},"loc":{"start":{"line":187,"column":51},"end":{"line":204,"column":1}},"line":187},"8":{"name":"(anonymous_8)","decl":{"start":{"line":206,"column":32},"end":{"line":206,"column":33}},"loc":{"start":{"line":206,"column":58},"end":{"line":264,"column":1}},"line":206}},"branchMap":{"0":{"loc":{"start":{"line":17,"column":4},"end":{"line":27,"column":5}},"type":"if","locations":[{"start":{"line":17,"column":4},"end":{"line":27,"column":5}},{"start":{"line":17,"column":4},"end":{"line":27,"column":5}}],"line":17},"1":{"loc":{"start":{"line":42,"column":4},"end":{"line":43,"column":58}},"type":"if","locations":[{"start":{"line":42,"column":4},"end":{"line":43,"column":58}},{"start":{"line":42,"column":4},"end":{"line":43,"column":58}}],"line":42},"2":{"loc":{"start":{"line":59,"column":4},"end":{"line":59,"column":73}},"type":"if","locations":[{"start":{"line":59,"column":4},"end":{"line":59,"column":73}},{"start":{"line":59,"column":4},"end":{"line":59,"column":73}}],"line":59},"3":{"loc":{"start":{"line":73,"column":4},"end":{"line":74,"column":59}},"type":"if","locations":[{"start":{"line":73,"column":4},"end":{"line":74,"column":59}},{"start":{"line":73,"column":4},"end":{"line":74,"column":59}}],"line":73},"4":{"loc":{"start":{"line":73,"column":8},"end":{"line":73,"column":27}},"type":"binary-expr","locations":[{"start":{"line":73,"column":8},"end":{"line":73,"column":14}},{"start":{"line":73,"column":18},"end":{"line":73,"column":27}}],"line":73},"5":{"loc":{"start":{"line":83,"column":4},"end":{"line":83,"column":65}},"type":"if","locations":[{"start":{"line":83,"column":4},"end":{"line":83,"column":65}},{"start":{"line":83,"column":4},"end":{"line":83,"column":65}}],"line":83},"6":{"loc":{"start":{"line":86,"column":4},"end":{"line":87,"column":60}},"type":"if","locations":[{"start":{"line":86,"column":4},"end":{"line":87,"column":60}},{"start":{"line":86,"column":4},"end":{"line":87,"column":60}}],"line":86},"7":{"loc":{"start":{"line":113,"column":4},"end":{"line":114,"column":59}},"type":"if","locations":[{"start":{"line":113,"column":4},"end":{"line":114,"column":59}},{"start":{"line":113,"column":4},"end":{"line":114,"column":59}}],"line":113},"8":{"loc":{"start":{"line":113,"column":8},"end":{"line":113,"column":27}},"type":"binary-expr","locations":[{"start":{"line":113,"column":8},"end":{"line":113,"column":14}},{"start":{"line":113,"column":18},"end":{"line":113,"column":27}}],"line":113},"9":{"loc":{"start":{"line":117,"column":4},"end":{"line":117,"column":63}},"type":"if","locations":[{"start":{"line":117,"column":4},"end":{"line":117,"column":63}},{"start":{"line":117,"column":4},"end":{"line":117,"column":63}}],"line":117},"10":{"loc":{"start":{"line":120,"column":4},"end":{"line":120,"column":64}},"type":"if","locations":[{"start":{"line":120,"column":4},"end":{"line":120,"column":64}},{"start":{"line":120,"column":4},"end":{"line":120,"column":64}}],"line":120},"11":{"loc":{"start":{"line":122,"column":4},"end":{"line":132,"column":5}},"type":"if","locations":[{"start":{"line":122,"column":4},"end":{"line":132,"column":5}},{"start":{"line":122,"column":4},"end":{"line":132,"column":5}}],"line":122},"12":{"loc":{"start":{"line":147,"column":4},"end":{"line":147,"column":61}},"type":"if","locations":[{"start":{"line":147,"column":4},"end":{"line":147,"column":61}},{"start":{"line":147,"column":4},"end":{"line":147,"column":61}}],"line":147},"13":{"loc":{"start":{"line":153,"column":4},"end":{"line":153,"column":63}},"type":"if","locations":[{"start":{"line":153,"column":4},"end":{"line":153,"column":63}},{"start":{"line":153,"column":4},"end":{"line":153,"column":63}}],"line":153},"14":{"loc":{"start":{"line":167,"column":4},"end":{"line":167,"column":73}},"type":"if","locations":[{"start":{"line":167,"column":4},"end":{"line":167,"column":73}},{"start":{"line":167,"column":4},"end":{"line":167,"column":73}}],"line":167},"15":{"loc":{"start":{"line":170,"column":4},"end":{"line":170,"column":65}},"type":"if","locations":[{"start":{"line":170,"column":4},"end":{"line":170,"column":65}},{"start":{"line":170,"column":4},"end":{"line":170,"column":65}}],"line":170},"16":{"loc":{"start":{"line":172,"column":4},"end":{"line":173,"column":60}},"type":"if","locations":[{"start":{"line":172,"column":4},"end":{"line":173,"column":60}},{"start":{"line":172,"column":4},"end":{"line":173,"column":60}}],"line":172},"17":{"loc":{"start":{"line":230,"column":4},"end":{"line":260,"column":5}},"type":"if","locations":[{"start":{"line":230,"column":4},"end":{"line":260,"column":5}},{"start":{"line":230,"column":4},"end":{"line":260,"column":5}}],"line":230},"18":{"loc":{"start":{"line":245,"column":6},"end":{"line":251,"column":7}},"type":"if","locations":[{"start":{"line":245,"column":6},"end":{"line":251,"column":7}},{"start":{"line":245,"column":6},"end":{"line":251,"column":7}}],"line":245}},"s":{"0":2,"1":2,"2":2,"3":2,"4":2,"5":0,"6":1,"7":1,"8":2,"9":2,"10":2,"11":2,"12":2,"13":1,"14":1,"15":1,"16":0,"17":2,"18":2,"19":2,"20":1,"21":1,"22":1,"23":0,"24":2,"25":4,"26":4,"27":4,"28":1,"29":3,"30":3,"31":3,"32":1,"33":2,"34":1,"35":1,"36":1,"37":1,"38":1,"39":1,"40":0,"41":2,"42":5,"43":5,"44":5,"45":1,"46":4,"47":4,"48":2,"49":2,"50":2,"51":0,"52":2,"53":1,"54":1,"55":1,"56":1,"57":1,"58":1,"59":1,"60":0,"61":2,"62":3,"63":3,"64":3,"65":3,"66":1,"67":2,"68":2,"69":1,"70":1,"71":1,"72":1,"73":1,"74":0,"75":2,"76":5,"77":5,"78":1,"79":4,"80":4,"81":1,"82":3,"83":1,"84":2,"85":2,"86":2,"87":0,"88":2,"89":0,"90":0,"91":0,"92":0,"93":0,"94":0,"95":0,"96":2,"97":0,"98":0,"99":0,"100":0,"101":0,"102":0,"103":0,"104":0,"105":0,"106":0,"107":0,"108":0,"109":0,"110":0,"111":0,"112":0,"113":0,"114":0,"115":0,"116":0},"f":{"0":2,"1":2,"2":2,"3":4,"4":5,"5":3,"6":5,"7":0,"8":0},"b":{"0":[0,1],"1":[1,1],"2":[1,1],"3":[1,3],"4":[4,3],"5":[1,2],"6":[1,1],"7":[1,4],"8":[5,4],"9":[2,2],"10":[0,2],"11":[1,1],"12":[1,2],"13":[1,1],"14":[1,4],"15":[1,3],"16":[1,2],"17":[0,0],"18":[0,0]},"_coverageSchema":"1a1c01bbd47fc00a2c39e90264f33305004495a9","hash":"f3a4c47237484ba62bd4a819b15e9474e7d6200b"}
,"C:\\workspaces\\FITTOSS_BACKEND\\Backend\\models\\Auth.js": {"path":"C:\\workspaces\\FITTOSS_BACKEND\\Backend\\models\\Auth.js","statementMap":{"0":{"start":{"line":3,"column":19},"end":{"line":29,"column":1}},"1":{"start":{"line":31,"column":20},"end":{"line":31,"column":54}}},"fnMap":{},"branchMap":{},"s":{"0":2,"1":2},"f":{},"b":{},"_coverageSchema":"1a1c01bbd47fc00a2c39e90264f33305004495a9","hash":"43de0f4ca7c06f44cff7ba7a9e9ebd374de16039"}
,"C:\\workspaces\\FITTOSS_BACKEND\\Backend\\models\\User.js": {"path":"C:\\workspaces\\FITTOSS_BACKEND\\Backend\\models\\User.js","statementMap":{"0":{"start":{"line":3,"column":19},"end":{"line":43,"column":1}},"1":{"start":{"line":45,"column":20},"end":{"line":45,"column":54}}},"fnMap":{},"branchMap":{},"s":{"0":2,"1":2},"f":{},"b":{},"_coverageSchema":"1a1c01bbd47fc00a2c39e90264f33305004495a9","hash":"c687163acc541511f6cdc9647c7add85f2202d90"}
,"C:\\workspaces\\FITTOSS_BACKEND\\Backend\\nodemailer\\config.js": {"path":"C:\\workspaces\\FITTOSS_BACKEND\\Backend\\nodemailer\\config.js","statementMap":{"0":{"start":{"line":1,"column":26},"end":{"line":1,"column":49}},"1":{"start":{"line":2,"column":24},"end":{"line":2,"column":47}}},"fnMap":{},"branchMap":{},"s":{"0":2,"1":2},"f":{},"b":{},"_coverageSchema":"1a1c01bbd47fc00a2c39e90264f33305004495a9","hash":"fb41e80d23c1b4381a8c2d386b1450cbcd4f9502"}
,"C:\\workspaces\\FITTOSS_BACKEND\\Backend\\nodemailer\\emailForm.js": {"path":"C:\\workspaces\\FITTOSS_BACKEND\\Backend\\nodemailer\\emailForm.js","statementMap":{"0":{"start":{"line":2,"column":25},"end":{"line":25,"column":1}},"1":{"start":{"line":3,"column":2},"end":{"line":24,"column":4}}},"fnMap":{"0":{"name":"(anonymous_0)","decl":{"start":{"line":2,"column":25},"end":{"line":2,"column":26}},"loc":{"start":{"line":2,"column":50},"end":{"line":25,"column":1}},"line":2}},"branchMap":{"0":{"loc":{"start":{"line":7,"column":4},"end":{"line":7,"column":56}},"type":"cond-expr","locations":[{"start":{"line":7,"column":26},"end":{"line":7,"column":41}},{"start":{"line":7,"column":44},"end":{"line":7,"column":56}}],"line":7},"1":{"loc":{"start":{"line":11,"column":4},"end":{"line":11,"column":43}},"type":"cond-expr","locations":[{"start":{"line":11,"column":26},"end":{"line":11,"column":33}},{"start":{"line":11,"column":36},"end":{"line":11,"column":43}}],"line":11},"2":{"loc":{"start":{"line":14,"column":6},"end":{"line":16,"column":32}},"type":"cond-expr","locations":[{"start":{"line":15,"column":10},"end":{"line":15,"column":38}},{"start":{"line":16,"column":10},"end":{"line":16,"column":32}}],"line":14},"3":{"loc":{"start":{"line":21,"column":4},"end":{"line":21,"column":49}},"type":"cond-expr","locations":[{"start":{"line":21,"column":26},"end":{"line":21,"column":35}},{"start":{"line":21,"column":38},"end":{"line":21,"column":49}}],"line":21}},"s":{"0":2,"1":3},"f":{"0":3},"b":{"0":[2,1],"1":[2,1],"2":[2,1],"3":[2,1]},"_coverageSchema":"1a1c01bbd47fc00a2c39e90264f33305004495a9","hash":"ef66e48fc3ab58405afe4fdd435e0c723f01c27a"}
,"C:\\workspaces\\FITTOSS_BACKEND\\Backend\\nodemailer\\generateHash.js": {"path":"C:\\workspaces\\FITTOSS_BACKEND\\Backend\\nodemailer\\generateHash.js","statementMap":{"0":{"start":{"line":3,"column":28},"end":{"line":7,"column":1}},"1":{"start":{"line":4,"column":17},"end":{"line":4,"column":71}},"2":{"start":{"line":5,"column":17},"end":{"line":5,"column":73}},"3":{"start":{"line":6,"column":2},"end":{"line":6,"column":25}}},"fnMap":{"0":{"name":"(anonymous_0)","decl":{"start":{"line":3,"column":28},"end":{"line":3,"column":29}},"loc":{"start":{"line":3,"column":34},"end":{"line":7,"column":1}},"line":3}},"branchMap":{},"s":{"0":2,"1":2,"2":2,"3":2},"f":{"0":2},"b":{},"_coverageSchema":"1a1c01bbd47fc00a2c39e90264f33305004495a9","hash":"2c5f142684534023e2e39d5ee55a4c824ee75df2"}
,"C:\\workspaces\\FITTOSS_BACKEND\\Backend\\nodemailer\\nodemail.js": {"path":"C:\\workspaces\\FITTOSS_BACKEND\\Backend\\nodemailer\\nodemail.js","statementMap":{"0":{"start":{"line":8,"column":24},"end":{"line":49,"column":1}},"1":{"start":{"line":9,"column":24},"end":{"line":18,"column":3}},"2":{"start":{"line":20,"column":2},"end":{"line":20,"column":44}},"3":{"start":{"line":24,"column":4},"end":{"line":26,"column":29}},"4":{"start":{"line":29,"column":20},"end":{"line":29,"column":62}},"5":{"start":{"line":31,"column":18},"end":{"line":39,"column":3}},"6":{"start":{"line":41,"column":2},"end":{"line":48,"column":5}},"7":{"start":{"line":42,"column":4},"end":{"line":46,"column":5}},"8":{"start":{"line":43,"column":6},"end":{"line":43,"column":32}},"9":{"start":{"line":45,"column":6},"end":{"line":45,"column":42}},"10":{"start":{"line":47,"column":4},"end":{"line":47,"column":26}}},"fnMap":{"0":{"name":"(anonymous_0)","decl":{"start":{"line":8,"column":24},"end":{"line":8,"column":25}},"loc":{"start":{"line":8,"column":64},"end":{"line":49,"column":1}},"line":8},"1":{"name":"(anonymous_1)","decl":{"start":{"line":41,"column":34},"end":{"line":41,"column":35}},"loc":{"start":{"line":41,"column":43},"end":{"line":48,"column":3}},"line":41}},"branchMap":{"0":{"loc":{"start":{"line":8,"column":42},"end":{"line":8,"column":59}},"type":"default-arg","locations":[{"start":{"line":8,"column":49},"end":{"line":8,"column":59}}],"line":8},"1":{"loc":{"start":{"line":24,"column":4},"end":{"line":26,"column":29}},"type":"cond-expr","locations":[{"start":{"line":25,"column":8},"end":{"line":25,"column":58}},{"start":{"line":26,"column":8},"end":{"line":26,"column":29}}],"line":24},"2":{"loc":{"start":{"line":29,"column":20},"end":{"line":29,"column":62}},"type":"cond-expr","locations":[{"start":{"line":29,"column":42},"end":{"line":29,"column":52}},{"start":{"line":29,"column":55},"end":{"line":29,"column":62}}],"line":29},"3":{"loc":{"start":{"line":35,"column":6},"end":{"line":37,"column":22}},"type":"cond-expr","locations":[{"start":{"line":36,"column":10},"end":{"line":36,"column":27}},{"start":{"line":37,"column":10},"end":{"line":37,"column":22}}],"line":35},"4":{"loc":{"start":{"line":42,"column":4},"end":{"line":46,"column":5}},"type":"if","locations":[{"start":{"line":42,"column":4},"end":{"line":46,"column":5}},{"start":{"line":42,"column":4},"end":{"line":46,"column":5}}],"line":42}},"s":{"0":2,"1":3,"2":3,"3":3,"4":3,"5":3,"6":3,"7":0,"8":0,"9":0,"10":0},"f":{"0":3,"1":0},"b":{"0":[2],"1":[2,1],"2":[2,1],"3":[2,1],"4":[0,0]},"_coverageSchema":"1a1c01bbd47fc00a2c39e90264f33305004495a9","hash":"797d85e5a1bc2711b75d42ced62bc0686a1629b9"}
,"C:\\workspaces\\FITTOSS_BACKEND\\Backend\\routers\\globalRouter.js": {"path":"C:\\workspaces\\FITTOSS_BACKEND\\Backend\\routers\\globalRouter.js","statementMap":{"0":{"start":{"line":15,"column":28},"end":{"line":15,"column":44}},"1":{"start":{"line":18,"column":0},"end":{"line":18,"column":45}},"2":{"start":{"line":20,"column":0},"end":{"line":20,"column":55}},"3":{"start":{"line":22,"column":0},"end":{"line":22,"column":43}},"4":{"start":{"line":24,"column":0},"end":{"line":24,"column":49}},"5":{"start":{"line":26,"column":0},"end":{"line":26,"column":45}},"6":{"start":{"line":28,"column":0},"end":{"line":28,"column":61}},"7":{"start":{"line":30,"column":0},"end":{"line":30,"column":63}},"8":{"start":{"line":33,"column":0},"end":{"line":33,"column":53}},"9":{"start":{"line":34,"column":0},"end":{"line":34,"column":55}}},"fnMap":{},"branchMap":{},"s":{"0":1,"1":1,"2":1,"3":1,"4":1,"5":1,"6":1,"7":1,"8":1,"9":1},"f":{},"b":{},"_coverageSchema":"1a1c01bbd47fc00a2c39e90264f33305004495a9","hash":"d34a17fce4fbd949ac510d4e0c7d20d9bd0d97d1"}
,"C:\\workspaces\\FITTOSS_BACKEND\\Backend\\utils\\throwError.js": {"path":"C:\\workspaces\\FITTOSS_BACKEND\\Backend\\utils\\throwError.js","statementMap":{"0":{"start":{"line":1,"column":26},"end":{"line":5,"column":1}},"1":{"start":{"line":2,"column":14},"end":{"line":2,"column":28}},"2":{"start":{"line":3,"column":2},"end":{"line":3,"column":22}},"3":{"start":{"line":4,"column":2},"end":{"line":4,"column":13}}},"fnMap":{"0":{"name":"(anonymous_0)","decl":{"start":{"line":1,"column":26},"end":{"line":1,"column":27}},"loc":{"start":{"line":1,"column":43},"end":{"line":5,"column":1}},"line":1}},"branchMap":{},"s":{"0":2,"1":14,"2":14,"3":14},"f":{"0":14},"b":{},"_coverageSchema":"1a1c01bbd47fc00a2c39e90264f33305004495a9","hash":"c0e0ab00c84b40ed4cf1ed9b3bac79031945f091"}
}
