{"C:\\workspaces\\FITTOSS_BACKEND\\Backend\\app.js": {"path":"C:\\workspaces\\FITTOSS_BACKEND\\Backend\\app.js","statementMap":{"0":{"start":{"line":11,"column":0},"end":{"line":11,"column":16}},"1":{"start":{"line":13,"column":21},"end":{"line":48,"column":1}},"2":{"start":{"line":14,"column":14},"end":{"line":14,"column":23}},"3":{"start":{"line":16,"column":43},"end":{"line":16,"column":54}},"4":{"start":{"line":18,"column":2},"end":{"line":18,"column":32}},"5":{"start":{"line":19,"column":2},"end":{"line":19,"column":26}},"6":{"start":{"line":20,"column":2},"end":{"line":20,"column":25}},"7":{"start":{"line":21,"column":2},"end":{"line":21,"column":26}},"8":{"start":{"line":22,"column":2},"end":{"line":29,"column":4}},"9":{"start":{"line":32,"column":2},"end":{"line":32,"column":37}},"10":{"start":{"line":35,"column":2},"end":{"line":39,"column":5}},"11":{"start":{"line":37,"column":4},"end":{"line":37,"column":35}},"12":{"start":{"line":38,"column":4},"end":{"line":38,"column":55}},"13":{"start":{"line":41,"column":2},"end":{"line":45,"column":5}},"14":{"start":{"line":42,"column":4},"end":{"line":44,"column":60}},"15":{"start":{"line":47,"column":2},"end":{"line":47,"column":13}}},"fnMap":{"0":{"name":"(anonymous_0)","decl":{"start":{"line":13,"column":21},"end":{"line":13,"column":22}},"loc":{"start":{"line":13,"column":27},"end":{"line":48,"column":1}},"line":13},"1":{"name":"(anonymous_1)","decl":{"start":{"line":35,"column":10},"end":{"line":35,"column":11}},"loc":{"start":{"line":35,"column":35},"end":{"line":39,"column":3}},"line":35},"2":{"name":"(anonymous_2)","decl":{"start":{"line":41,"column":10},"end":{"line":41,"column":11}},"loc":{"start":{"line":41,"column":24},"end":{"line":45,"column":3}},"line":41}},"branchMap":{"0":{"loc":{"start":{"line":18,"column":18},"end":{"line":18,"column":30}},"type":"binary-expr","locations":[{"start":{"line":18,"column":18},"end":{"line":18,"column":22}},{"start":{"line":18,"column":26},"end":{"line":18,"column":30}}],"line":18},"1":{"loc":{"start":{"line":37,"column":15},"end":{"line":37,"column":33}},"type":"binary-expr","locations":[{"start":{"line":37,"column":15},"end":{"line":37,"column":25}},{"start":{"line":37,"column":29},"end":{"line":37,"column":33}}],"line":37}},"s":{"0":1,"1":1,"2":1,"3":1,"4":1,"5":1,"6":1,"7":1,"8":1,"9":1,"10":1,"11":6,"12":6,"13":1,"14":0,"15":1},"f":{"0":1,"1":6,"2":0},"b":{"0":[1,0],"1":[6,0]},"_coverageSchema":"1a1c01bbd47fc00a2c39e90264f33305004495a9","hash":"05fa01bc02c4def0104b4836157d8b4c29682cb3"}
,"C:\\workspaces\\FITTOSS_BACKEND\\Backend\\routes.js": {"path":"C:\\workspaces\\FITTOSS_BACKEND\\Backend\\routes.js","statementMap":{"0":{"start":{"line":2,"column":13},"end":{"line":2,"column":19}},"1":{"start":{"line":5,"column":17},"end":{"line":5,"column":28}},"2":{"start":{"line":8,"column":17},"end":{"line":8,"column":28}},"3":{"start":{"line":11,"column":14},"end":{"line":11,"column":22}},"4":{"start":{"line":14,"column":15},"end":{"line":14,"column":24}},"5":{"start":{"line":17,"column":22},"end":{"line":17,"column":30}},"6":{"start":{"line":20,"column":23},"end":{"line":20,"column":40}},"7":{"start":{"line":23,"column":24},"end":{"line":23,"column":42}},"8":{"start":{"line":26,"column":20},"end":{"line":26,"column":34}},"9":{"start":{"line":27,"column":21},"end":{"line":27,"column":36}},"10":{"start":{"line":30,"column":16},"end":{"line":30,"column":26}},"11":{"start":{"line":32,"column":22},"end":{"line":44,"column":1}}},"fnMap":{},"branchMap":{},"s":{"0":1,"1":1,"2":1,"3":1,"4":1,"5":1,"6":1,"7":1,"8":1,"9":1,"10":1,"11":1},"f":{},"b":{},"_coverageSchema":"1a1c01bbd47fc00a2c39e90264f33305004495a9","hash":"11299ebda05ee79dd542398befc3e1827b13612c"}
,"C:\\workspaces\\FITTOSS_BACKEND\\Backend\\controllers\\golobalController.js": {"path":"C:\\workspaces\\FITTOSS_BACKEND\\Backend\\controllers\\golobalController.js","statementMap":{"0":{"start":{"line":11,"column":26},"end":{"line":11,"column":43}},"1":{"start":{"line":13,"column":62},"end":{"line":13,"column":73}},"2":{"start":{"line":15,"column":26},"end":{"line":31,"column":1}},"3":{"start":{"line":16,"column":2},"end":{"line":30,"column":3}},"4":{"start":{"line":17,"column":4},"end":{"line":27,"column":5}},"5":{"start":{"line":18,"column":6},"end":{"line":21,"column":9}},"6":{"start":{"line":23,"column":6},"end":{"line":26,"column":9}},"7":{"start":{"line":29,"column":4},"end":{"line":29,"column":16}},"8":{"start":{"line":33,"column":31},"end":{"line":55,"column":1}},"9":{"start":{"line":34,"column":2},"end":{"line":54,"column":3}},"10":{"start":{"line":35,"column":30},"end":{"line":35,"column":39}},"11":{"start":{"line":37,"column":20},"end":{"line":40,"column":6}},"12":{"start":{"line":42,"column":4},"end":{"line":43,"column":58}},"13":{"start":{"line":43,"column":6},"end":{"line":43,"column":58}},"14":{"start":{"line":45,"column":23},"end":{"line":49,"column":5}},"15":{"start":{"line":51,"column":4},"end":{"line":51,"column":62}},"16":{"start":{"line":53,"column":4},"end":{"line":53,"column":16}},"17":{"start":{"line":57,"column":25},"end":{"line":66,"column":1}},"18":{"start":{"line":58,"column":2},"end":{"line":65,"column":3}},"19":{"start":{"line":59,"column":4},"end":{"line":59,"column":73}},"20":{"start":{"line":59,"column":31},"end":{"line":59,"column":73}},"21":{"start":{"line":61,"column":4},"end":{"line":61,"column":26}},"22":{"start":{"line":62,"column":4},"end":{"line":62,"column":44}},"23":{"start":{"line":64,"column":4},"end":{"line":64,"column":16}},"24":{"start":{"line":68,"column":28},"end":{"line":106,"column":1}},"25":{"start":{"line":69,"column":2},"end":{"line":105,"column":3}},"26":{"start":{"line":70,"column":32},"end":{"line":70,"column":40}},"27":{"start":{"line":73,"column":4},"end":{"line":74,"column":59}},"28":{"start":{"line":74,"column":6},"end":{"line":74,"column":59}},"29":{"start":{"line":77,"column":41},"end":{"line":80,"column":6}},"30":{"start":{"line":82,"column":4},"end":{"line":82,"column":65}},"31":{"start":{"line":82,"column":20},"end":{"line":82,"column":65}},"32":{"start":{"line":85,"column":4},"end":{"line":86,"column":60}},"33":{"start":{"line":86,"column":6},"end":{"line":86,"column":60}},"34":{"start":{"line":89,"column":21},"end":{"line":89,"column":35}},"35":{"start":{"line":91,"column":20},"end":{"line":91,"column":65}},"36":{"start":{"line":92,"column":25},"end":{"line":99,"column":6}},"37":{"start":{"line":101,"column":4},"end":{"line":101,"column":40}},"38":{"start":{"line":102,"column":4},"end":{"line":102,"column":56}},"39":{"start":{"line":104,"column":4},"end":{"line":104,"column":16}},"40":{"start":{"line":108,"column":26},"end":{"line":139,"column":1}},"41":{"start":{"line":109,"column":2},"end":{"line":138,"column":3}},"42":{"start":{"line":110,"column":32},"end":{"line":110,"column":40}},"43":{"start":{"line":112,"column":4},"end":{"line":113,"column":59}},"44":{"start":{"line":113,"column":6},"end":{"line":113,"column":59}},"45":{"start":{"line":115,"column":17},"end":{"line":115,"column":65}},"46":{"start":{"line":116,"column":4},"end":{"line":116,"column":63}},"47":{"start":{"line":116,"column":15},"end":{"line":116,"column":63}},"48":{"start":{"line":118,"column":20},"end":{"line":118,"column":58}},"49":{"start":{"line":119,"column":4},"end":{"line":119,"column":64}},"50":{"start":{"line":119,"column":18},"end":{"line":119,"column":64}},"51":{"start":{"line":121,"column":4},"end":{"line":131,"column":5}},"52":{"start":{"line":122,"column":23},"end":{"line":122,"column":37}},"53":{"start":{"line":123,"column":19},"end":{"line":127,"column":7}},"54":{"start":{"line":129,"column":6},"end":{"line":129,"column":42}},"55":{"start":{"line":130,"column":6},"end":{"line":130,"column":54}},"56":{"start":{"line":133,"column":4},"end":{"line":133,"column":32}},"57":{"start":{"line":134,"column":4},"end":{"line":134,"column":28}},"58":{"start":{"line":135,"column":4},"end":{"line":135,"column":56}},"59":{"start":{"line":137,"column":4},"end":{"line":137,"column":16}},"60":{"start":{"line":141,"column":34},"end":{"line":162,"column":1}},"61":{"start":{"line":142,"column":2},"end":{"line":161,"column":3}},"62":{"start":{"line":143,"column":22},"end":{"line":143,"column":30}},"63":{"start":{"line":144,"column":21},"end":{"line":144,"column":58}},"64":{"start":{"line":146,"column":4},"end":{"line":146,"column":61}},"65":{"start":{"line":146,"column":16},"end":{"line":146,"column":61}},"66":{"start":{"line":148,"column":35},"end":{"line":151,"column":6}},"67":{"start":{"line":152,"column":4},"end":{"line":152,"column":63}},"68":{"start":{"line":152,"column":15},"end":{"line":152,"column":63}},"69":{"start":{"line":154,"column":4},"end":{"line":154,"column":35}},"70":{"start":{"line":155,"column":4},"end":{"line":155,"column":22}},"71":{"start":{"line":156,"column":4},"end":{"line":156,"column":45}},"72":{"start":{"line":158,"column":4},"end":{"line":158,"column":44}},"73":{"start":{"line":160,"column":4},"end":{"line":160,"column":16}},"74":{"start":{"line":164,"column":35},"end":{"line":184,"column":1}},"75":{"start":{"line":165,"column":2},"end":{"line":183,"column":3}},"76":{"start":{"line":166,"column":4},"end":{"line":166,"column":73}},"77":{"start":{"line":166,"column":31},"end":{"line":166,"column":73}},"78":{"start":{"line":168,"column":25},"end":{"line":168,"column":33}},"79":{"start":{"line":169,"column":4},"end":{"line":169,"column":65}},"80":{"start":{"line":169,"column":19},"end":{"line":169,"column":65}},"81":{"start":{"line":171,"column":4},"end":{"line":172,"column":60}},"82":{"start":{"line":172,"column":6},"end":{"line":172,"column":60}},"83":{"start":{"line":174,"column":27},"end":{"line":174,"column":51}},"84":{"start":{"line":175,"column":4},"end":{"line":178,"column":6}},"85":{"start":{"line":180,"column":4},"end":{"line":180,"column":44}},"86":{"start":{"line":182,"column":4},"end":{"line":182,"column":16}},"87":{"start":{"line":186,"column":31},"end":{"line":203,"column":1}},"88":{"start":{"line":187,"column":2},"end":{"line":202,"column":3}},"89":{"start":{"line":188,"column":20},"end":{"line":188,"column":61}},"90":{"start":{"line":189,"column":19},"end":{"line":195,"column":5}},"91":{"start":{"line":197,"column":19},"end":{"line":197,"column":57}},"92":{"start":{"line":198,"column":21},"end":{"line":198,"column":43}},"93":{"start":{"line":199,"column":4},"end":{"line":199,"column":34}},"94":{"start":{"line":201,"column":4},"end":{"line":201,"column":16}},"95":{"start":{"line":205,"column":32},"end":{"line":263,"column":1}},"96":{"start":{"line":206,"column":2},"end":{"line":262,"column":3}},"97":{"start":{"line":207,"column":21},"end":{"line":207,"column":30}},"98":{"start":{"line":209,"column":20},"end":{"line":209,"column":57}},"99":{"start":{"line":210,"column":19},"end":{"line":216,"column":5}},"100":{"start":{"line":217,"column":19},"end":{"line":217,"column":57}},"101":{"start":{"line":218,"column":21},"end":{"line":218,"column":43}},"102":{"start":{"line":220,"column":25},"end":{"line":227,"column":12}},"103":{"start":{"line":229,"column":4},"end":{"line":259,"column":5}},"104":{"start":{"line":230,"column":31},"end":{"line":230,"column":43}},"105":{"start":{"line":231,"column":21},"end":{"line":231,"column":94}},"106":{"start":{"line":232,"column":23},"end":{"line":240,"column":14}},"107":{"start":{"line":242,"column":24},"end":{"line":242,"column":46}},"108":{"start":{"line":243,"column":17},"end":{"line":243,"column":46}},"109":{"start":{"line":244,"column":6},"end":{"line":250,"column":7}},"110":{"start":{"line":245,"column":8},"end":{"line":249,"column":11}},"111":{"start":{"line":252,"column":6},"end":{"line":252,"column":34}},"112":{"start":{"line":253,"column":6},"end":{"line":253,"column":30}},"113":{"start":{"line":254,"column":6},"end":{"line":254,"column":65}},"114":{"start":{"line":256,"column":6},"end":{"line":258,"column":61}},"115":{"start":{"line":261,"column":4},"end":{"line":261,"column":16}}},"fnMap":{"0":{"name":"(anonymous_0)","decl":{"start":{"line":15,"column":26},"end":{"line":15,"column":27}},"loc":{"start":{"line":15,"column":52},"end":{"line":31,"column":1}},"line":15},"1":{"name":"(anonymous_1)","decl":{"start":{"line":33,"column":31},"end":{"line":33,"column":32}},"loc":{"start":{"line":33,"column":57},"end":{"line":55,"column":1}},"line":33},"2":{"name":"(anonymous_2)","decl":{"start":{"line":57,"column":25},"end":{"line":57,"column":26}},"loc":{"start":{"line":57,"column":45},"end":{"line":66,"column":1}},"line":57},"3":{"name":"(anonymous_3)","decl":{"start":{"line":68,"column":28},"end":{"line":68,"column":29}},"loc":{"start":{"line":68,"column":54},"end":{"line":106,"column":1}},"line":68},"4":{"name":"(anonymous_4)","decl":{"start":{"line":108,"column":26},"end":{"line":108,"column":27}},"loc":{"start":{"line":108,"column":52},"end":{"line":139,"column":1}},"line":108},"5":{"name":"(anonymous_5)","decl":{"start":{"line":141,"column":34},"end":{"line":141,"column":35}},"loc":{"start":{"line":141,"column":60},"end":{"line":162,"column":1}},"line":141},"6":{"name":"(anonymous_6)","decl":{"start":{"line":164,"column":35},"end":{"line":164,"column":36}},"loc":{"start":{"line":164,"column":61},"end":{"line":184,"column":1}},"line":164},"7":{"name":"(anonymous_7)","decl":{"start":{"line":186,"column":31},"end":{"line":186,"column":32}},"loc":{"start":{"line":186,"column":51},"end":{"line":203,"column":1}},"line":186},"8":{"name":"(anonymous_8)","decl":{"start":{"line":205,"column":32},"end":{"line":205,"column":33}},"loc":{"start":{"line":205,"column":58},"end":{"line":263,"column":1}},"line":205}},"branchMap":{"0":{"loc":{"start":{"line":17,"column":4},"end":{"line":27,"column":5}},"type":"if","locations":[{"start":{"line":17,"column":4},"end":{"line":27,"column":5}},{"start":{"line":17,"column":4},"end":{"line":27,"column":5}}],"line":17},"1":{"loc":{"start":{"line":42,"column":4},"end":{"line":43,"column":58}},"type":"if","locations":[{"start":{"line":42,"column":4},"end":{"line":43,"column":58}},{"start":{"line":42,"column":4},"end":{"line":43,"column":58}}],"line":42},"2":{"loc":{"start":{"line":59,"column":4},"end":{"line":59,"column":73}},"type":"if","locations":[{"start":{"line":59,"column":4},"end":{"line":59,"column":73}},{"start":{"line":59,"column":4},"end":{"line":59,"column":73}}],"line":59},"3":{"loc":{"start":{"line":73,"column":4},"end":{"line":74,"column":59}},"type":"if","locations":[{"start":{"line":73,"column":4},"end":{"line":74,"column":59}},{"start":{"line":73,"column":4},"end":{"line":74,"column":59}}],"line":73},"4":{"loc":{"start":{"line":73,"column":8},"end":{"line":73,"column":27}},"type":"binary-expr","locations":[{"start":{"line":73,"column":8},"end":{"line":73,"column":14}},{"start":{"line":73,"column":18},"end":{"line":73,"column":27}}],"line":73},"5":{"loc":{"start":{"line":82,"column":4},"end":{"line":82,"column":65}},"type":"if","locations":[{"start":{"line":82,"column":4},"end":{"line":82,"column":65}},{"start":{"line":82,"column":4},"end":{"line":82,"column":65}}],"line":82},"6":{"loc":{"start":{"line":85,"column":4},"end":{"line":86,"column":60}},"type":"if","locations":[{"start":{"line":85,"column":4},"end":{"line":86,"column":60}},{"start":{"line":85,"column":4},"end":{"line":86,"column":60}}],"line":85},"7":{"loc":{"start":{"line":112,"column":4},"end":{"line":113,"column":59}},"type":"if","locations":[{"start":{"line":112,"column":4},"end":{"line":113,"column":59}},{"start":{"line":112,"column":4},"end":{"line":113,"column":59}}],"line":112},"8":{"loc":{"start":{"line":112,"column":8},"end":{"line":112,"column":27}},"type":"binary-expr","locations":[{"start":{"line":112,"column":8},"end":{"line":112,"column":14}},{"start":{"line":112,"column":18},"end":{"line":112,"column":27}}],"line":112},"9":{"loc":{"start":{"line":116,"column":4},"end":{"line":116,"column":63}},"type":"if","locations":[{"start":{"line":116,"column":4},"end":{"line":116,"column":63}},{"start":{"line":116,"column":4},"end":{"line":116,"column":63}}],"line":116},"10":{"loc":{"start":{"line":119,"column":4},"end":{"line":119,"column":64}},"type":"if","locations":[{"start":{"line":119,"column":4},"end":{"line":119,"column":64}},{"start":{"line":119,"column":4},"end":{"line":119,"column":64}}],"line":119},"11":{"loc":{"start":{"line":121,"column":4},"end":{"line":131,"column":5}},"type":"if","locations":[{"start":{"line":121,"column":4},"end":{"line":131,"column":5}},{"start":{"line":121,"column":4},"end":{"line":131,"column":5}}],"line":121},"12":{"loc":{"start":{"line":146,"column":4},"end":{"line":146,"column":61}},"type":"if","locations":[{"start":{"line":146,"column":4},"end":{"line":146,"column":61}},{"start":{"line":146,"column":4},"end":{"line":146,"column":61}}],"line":146},"13":{"loc":{"start":{"line":152,"column":4},"end":{"line":152,"column":63}},"type":"if","locations":[{"start":{"line":152,"column":4},"end":{"line":152,"column":63}},{"start":{"line":152,"column":4},"end":{"line":152,"column":63}}],"line":152},"14":{"loc":{"start":{"line":166,"column":4},"end":{"line":166,"column":73}},"type":"if","locations":[{"start":{"line":166,"column":4},"end":{"line":166,"column":73}},{"start":{"line":166,"column":4},"end":{"line":166,"column":73}}],"line":166},"15":{"loc":{"start":{"line":169,"column":4},"end":{"line":169,"column":65}},"type":"if","locations":[{"start":{"line":169,"column":4},"end":{"line":169,"column":65}},{"start":{"line":169,"column":4},"end":{"line":169,"column":65}}],"line":169},"16":{"loc":{"start":{"line":171,"column":4},"end":{"line":172,"column":60}},"type":"if","locations":[{"start":{"line":171,"column":4},"end":{"line":172,"column":60}},{"start":{"line":171,"column":4},"end":{"line":172,"column":60}}],"line":171},"17":{"loc":{"start":{"line":229,"column":4},"end":{"line":259,"column":5}},"type":"if","locations":[{"start":{"line":229,"column":4},"end":{"line":259,"column":5}},{"start":{"line":229,"column":4},"end":{"line":259,"column":5}}],"line":229},"18":{"loc":{"start":{"line":244,"column":6},"end":{"line":250,"column":7}},"type":"if","locations":[{"start":{"line":244,"column":6},"end":{"line":250,"column":7}},{"start":{"line":244,"column":6},"end":{"line":250,"column":7}}],"line":244}},"s":{"0":2,"1":2,"2":2,"3":4,"4":4,"5":1,"6":2,"7":1,"8":2,"9":2,"10":2,"11":2,"12":2,"13":1,"14":1,"15":1,"16":0,"17":2,"18":4,"19":4,"20":2,"21":2,"22":2,"23":0,"24":2,"25":5,"26":5,"27":5,"28":1,"29":4,"30":4,"31":2,"32":2,"33":1,"34":1,"35":1,"36":1,"37":1,"38":1,"39":0,"40":2,"41":14,"42":14,"43":14,"44":1,"45":13,"46":13,"47":3,"48":10,"49":10,"50":1,"51":9,"52":1,"53":1,"54":1,"55":1,"56":8,"57":8,"58":8,"59":0,"60":2,"61":5,"62":5,"63":5,"64":5,"65":1,"66":4,"67":4,"68":2,"69":2,"70":2,"71":2,"72":2,"73":0,"74":2,"75":7,"76":7,"77":2,"78":5,"79":5,"80":1,"81":4,"82":1,"83":3,"84":3,"85":3,"86":0,"87":2,"88":0,"89":0,"90":0,"91":0,"92":0,"93":0,"94":0,"95":2,"96":0,"97":0,"98":0,"99":0,"100":0,"101":0,"102":0,"103":0,"104":0,"105":0,"106":0,"107":0,"108":0,"109":0,"110":0,"111":0,"112":0,"113":0,"114":0,"115":0},"f":{"0":4,"1":2,"2":4,"3":5,"4":14,"5":5,"6":7,"7":0,"8":0},"b":{"0":[1,2],"1":[1,1],"2":[2,2],"3":[1,4],"4":[5,4],"5":[2,2],"6":[1,1],"7":[1,13],"8":[14,13],"9":[3,10],"10":[1,9],"11":[1,8],"12":[1,4],"13":[2,2],"14":[2,5],"15":[1,4],"16":[1,3],"17":[0,0],"18":[0,0]},"_coverageSchema":"1a1c01bbd47fc00a2c39e90264f33305004495a9","hash":"b1b9f0b0b7659cc084b90d9a16281532a7543c5f"}
,"C:\\workspaces\\FITTOSS_BACKEND\\Backend\\models\\Auth.js": {"path":"C:\\workspaces\\FITTOSS_BACKEND\\Backend\\models\\Auth.js","statementMap":{"0":{"start":{"line":3,"column":19},"end":{"line":29,"column":1}},"1":{"start":{"line":31,"column":20},"end":{"line":31,"column":54}}},"fnMap":{},"branchMap":{},"s":{"0":2,"1":2},"f":{},"b":{},"_coverageSchema":"1a1c01bbd47fc00a2c39e90264f33305004495a9","hash":"43de0f4ca7c06f44cff7ba7a9e9ebd374de16039"}
,"C:\\workspaces\\FITTOSS_BACKEND\\Backend\\models\\User.js": {"path":"C:\\workspaces\\FITTOSS_BACKEND\\Backend\\models\\User.js","statementMap":{"0":{"start":{"line":3,"column":19},"end":{"line":43,"column":1}},"1":{"start":{"line":45,"column":20},"end":{"line":45,"column":54}}},"fnMap":{},"branchMap":{},"s":{"0":2,"1":2},"f":{},"b":{},"_coverageSchema":"1a1c01bbd47fc00a2c39e90264f33305004495a9","hash":"c687163acc541511f6cdc9647c7add85f2202d90"}
,"C:\\workspaces\\FITTOSS_BACKEND\\Backend\\nodemailer\\config.js": {"path":"C:\\workspaces\\FITTOSS_BACKEND\\Backend\\nodemailer\\config.js","statementMap":{"0":{"start":{"line":1,"column":26},"end":{"line":1,"column":49}},"1":{"start":{"line":2,"column":24},"end":{"line":2,"column":47}}},"fnMap":{},"branchMap":{},"s":{"0":2,"1":2},"f":{},"b":{},"_coverageSchema":"1a1c01bbd47fc00a2c39e90264f33305004495a9","hash":"fb41e80d23c1b4381a8c2d386b1450cbcd4f9502"}
,"C:\\workspaces\\FITTOSS_BACKEND\\Backend\\nodemailer\\emailForm.js": {"path":"C:\\workspaces\\FITTOSS_BACKEND\\Backend\\nodemailer\\emailForm.js","statementMap":{"0":{"start":{"line":2,"column":25},"end":{"line":25,"column":1}},"1":{"start":{"line":3,"column":2},"end":{"line":24,"column":4}}},"fnMap":{"0":{"name":"(anonymous_0)","decl":{"start":{"line":2,"column":25},"end":{"line":2,"column":26}},"loc":{"start":{"line":2,"column":50},"end":{"line":25,"column":1}},"line":2}},"branchMap":{"0":{"loc":{"start":{"line":7,"column":4},"end":{"line":7,"column":56}},"type":"cond-expr","locations":[{"start":{"line":7,"column":26},"end":{"line":7,"column":41}},{"start":{"line":7,"column":44},"end":{"line":7,"column":56}}],"line":7},"1":{"loc":{"start":{"line":11,"column":4},"end":{"line":11,"column":43}},"type":"cond-expr","locations":[{"start":{"line":11,"column":26},"end":{"line":11,"column":33}},{"start":{"line":11,"column":36},"end":{"line":11,"column":43}}],"line":11},"2":{"loc":{"start":{"line":14,"column":6},"end":{"line":16,"column":32}},"type":"cond-expr","locations":[{"start":{"line":15,"column":10},"end":{"line":15,"column":38}},{"start":{"line":16,"column":10},"end":{"line":16,"column":32}}],"line":14},"3":{"loc":{"start":{"line":21,"column":4},"end":{"line":21,"column":49}},"type":"cond-expr","locations":[{"start":{"line":21,"column":26},"end":{"line":21,"column":35}},{"start":{"line":21,"column":38},"end":{"line":21,"column":49}}],"line":21}},"s":{"0":2,"1":4},"f":{"0":4},"b":{"0":[2,2],"1":[2,2],"2":[2,2],"3":[2,2]},"_coverageSchema":"1a1c01bbd47fc00a2c39e90264f33305004495a9","hash":"ef66e48fc3ab58405afe4fdd435e0c723f01c27a"}
,"C:\\workspaces\\FITTOSS_BACKEND\\Backend\\nodemailer\\generateHash.js": {"path":"C:\\workspaces\\FITTOSS_BACKEND\\Backend\\nodemailer\\generateHash.js","statementMap":{"0":{"start":{"line":3,"column":28},"end":{"line":7,"column":1}},"1":{"start":{"line":4,"column":17},"end":{"line":4,"column":71}},"2":{"start":{"line":5,"column":17},"end":{"line":5,"column":73}},"3":{"start":{"line":6,"column":2},"end":{"line":6,"column":25}}},"fnMap":{"0":{"name":"(anonymous_0)","decl":{"start":{"line":3,"column":28},"end":{"line":3,"column":29}},"loc":{"start":{"line":3,"column":34},"end":{"line":7,"column":1}},"line":3}},"branchMap":{},"s":{"0":2,"1":2,"2":2,"3":2},"f":{"0":2},"b":{},"_coverageSchema":"1a1c01bbd47fc00a2c39e90264f33305004495a9","hash":"2c5f142684534023e2e39d5ee55a4c824ee75df2"}
,"C:\\workspaces\\FITTOSS_BACKEND\\Backend\\nodemailer\\nodemail.js": {"path":"C:\\workspaces\\FITTOSS_BACKEND\\Backend\\nodemailer\\nodemail.js","statementMap":{"0":{"start":{"line":8,"column":24},"end":{"line":49,"column":1}},"1":{"start":{"line":9,"column":24},"end":{"line":18,"column":3}},"2":{"start":{"line":20,"column":2},"end":{"line":20,"column":44}},"3":{"start":{"line":24,"column":4},"end":{"line":26,"column":29}},"4":{"start":{"line":29,"column":20},"end":{"line":29,"column":62}},"5":{"start":{"line":31,"column":18},"end":{"line":39,"column":3}},"6":{"start":{"line":41,"column":2},"end":{"line":48,"column":5}},"7":{"start":{"line":42,"column":4},"end":{"line":46,"column":5}},"8":{"start":{"line":43,"column":6},"end":{"line":43,"column":32}},"9":{"start":{"line":45,"column":6},"end":{"line":45,"column":42}},"10":{"start":{"line":47,"column":4},"end":{"line":47,"column":26}}},"fnMap":{"0":{"name":"(anonymous_0)","decl":{"start":{"line":8,"column":24},"end":{"line":8,"column":25}},"loc":{"start":{"line":8,"column":64},"end":{"line":49,"column":1}},"line":8},"1":{"name":"(anonymous_1)","decl":{"start":{"line":41,"column":34},"end":{"line":41,"column":35}},"loc":{"start":{"line":41,"column":43},"end":{"line":48,"column":3}},"line":41}},"branchMap":{"0":{"loc":{"start":{"line":8,"column":42},"end":{"line":8,"column":59}},"type":"default-arg","locations":[{"start":{"line":8,"column":49},"end":{"line":8,"column":59}}],"line":8},"1":{"loc":{"start":{"line":24,"column":4},"end":{"line":26,"column":29}},"type":"cond-expr","locations":[{"start":{"line":25,"column":8},"end":{"line":25,"column":58}},{"start":{"line":26,"column":8},"end":{"line":26,"column":29}}],"line":24},"2":{"loc":{"start":{"line":29,"column":20},"end":{"line":29,"column":62}},"type":"cond-expr","locations":[{"start":{"line":29,"column":42},"end":{"line":29,"column":52}},{"start":{"line":29,"column":55},"end":{"line":29,"column":62}}],"line":29},"3":{"loc":{"start":{"line":35,"column":6},"end":{"line":37,"column":22}},"type":"cond-expr","locations":[{"start":{"line":36,"column":10},"end":{"line":36,"column":27}},{"start":{"line":37,"column":10},"end":{"line":37,"column":22}}],"line":35},"4":{"loc":{"start":{"line":42,"column":4},"end":{"line":46,"column":5}},"type":"if","locations":[{"start":{"line":42,"column":4},"end":{"line":46,"column":5}},{"start":{"line":42,"column":4},"end":{"line":46,"column":5}}],"line":42}},"s":{"0":2,"1":4,"2":4,"3":4,"4":4,"5":4,"6":4,"7":1,"8":0,"9":1,"10":1},"f":{"0":4,"1":1},"b":{"0":[2],"1":[2,2],"2":[2,2],"3":[2,2],"4":[0,1]},"_coverageSchema":"1a1c01bbd47fc00a2c39e90264f33305004495a9","hash":"797d85e5a1bc2711b75d42ced62bc0686a1629b9"}
,"C:\\workspaces\\FITTOSS_BACKEND\\Backend\\routers\\globalRouter.js": {"path":"C:\\workspaces\\FITTOSS_BACKEND\\Backend\\routers\\globalRouter.js","statementMap":{"0":{"start":{"line":15,"column":28},"end":{"line":15,"column":44}},"1":{"start":{"line":18,"column":0},"end":{"line":18,"column":45}},"2":{"start":{"line":20,"column":0},"end":{"line":20,"column":55}},"3":{"start":{"line":22,"column":0},"end":{"line":22,"column":43}},"4":{"start":{"line":24,"column":0},"end":{"line":24,"column":49}},"5":{"start":{"line":26,"column":0},"end":{"line":26,"column":45}},"6":{"start":{"line":28,"column":0},"end":{"line":28,"column":61}},"7":{"start":{"line":30,"column":0},"end":{"line":30,"column":63}},"8":{"start":{"line":33,"column":0},"end":{"line":33,"column":53}},"9":{"start":{"line":34,"column":0},"end":{"line":34,"column":55}}},"fnMap":{},"branchMap":{},"s":{"0":1,"1":1,"2":1,"3":1,"4":1,"5":1,"6":1,"7":1,"8":1,"9":1},"f":{},"b":{},"_coverageSchema":"1a1c01bbd47fc00a2c39e90264f33305004495a9","hash":"d34a17fce4fbd949ac510d4e0c7d20d9bd0d97d1"}
,"C:\\workspaces\\FITTOSS_BACKEND\\Backend\\utils\\throwError.js": {"path":"C:\\workspaces\\FITTOSS_BACKEND\\Backend\\utils\\throwError.js","statementMap":{"0":{"start":{"line":1,"column":26},"end":{"line":5,"column":1}},"1":{"start":{"line":2,"column":14},"end":{"line":2,"column":28}},"2":{"start":{"line":3,"column":2},"end":{"line":3,"column":22}},"3":{"start":{"line":4,"column":2},"end":{"line":4,"column":13}}},"fnMap":{"0":{"name":"(anonymous_0)","decl":{"start":{"line":1,"column":26},"end":{"line":1,"column":27}},"loc":{"start":{"line":1,"column":43},"end":{"line":5,"column":1}},"line":1}},"branchMap":{},"s":{"0":2,"1":20,"2":20,"3":20},"f":{"0":20},"b":{},"_coverageSchema":"1a1c01bbd47fc00a2c39e90264f33305004495a9","hash":"c0e0ab00c84b40ed4cf1ed9b3bac79031945f091"}
}
