TN:
SF:db.js
FN:15,(anonymous_0)
FN:16,(anonymous_1)
FNF:2
FNH:1
FNDA:1,(anonymous_0)
FNDA:0,(anonymous_1)
DA:4,1
DA:6,1
DA:8,1
DA:15,1
DA:16,0
LF:5
LH:4
BRDA:6,0,0,0
BRDA:6,0,1,1
BRF:2
BRH:1
end_of_record
TN:
SF:routes.js
FNF:0
FNH:0
DA:2,1
DA:5,1
DA:8,1
DA:11,1
DA:14,1
DA:17,1
DA:20,1
DA:23,1
DA:26,1
DA:27,1
DA:30,1
DA:32,1
LF:12
LH:12
BRF:0
BRH:0
end_of_record
TN:
SF:server.js
FN:33,(anonymous_0)
FN:38,(anonymous_1)
FN:44,(anonymous_2)
FNF:3
FNH:1
FNDA:0,(anonymous_0)
FNDA:0,(anonymous_1)
FNDA:1,(anonymous_2)
DA:12,1
DA:13,1
DA:15,1
DA:17,1
DA:18,1
DA:19,1
DA:20,1
DA:30,1
DA:33,1
DA:34,0
DA:35,0
DA:38,1
DA:39,0
DA:42,1
DA:44,1
DA:45,1
LF:16
LH:13
BRDA:34,0,0,0
BRDA:34,0,1,0
BRDA:42,1,0,0
BRDA:42,1,1,1
BRF:4
BRH:1
end_of_record
TN:
SF:controllers\golobalController.js
FN:15,(anonymous_0)
FN:33,(anonymous_1)
FN:57,(anonymous_2)
FN:68,(anonymous_3)
FN:109,(anonymous_4)
FN:142,(anonymous_5)
FN:165,(anonymous_6)
FN:187,(anonymous_7)
FN:206,(anonymous_8)
FNF:9
FNH:7
FNDA:2,(anonymous_0)
FNDA:2,(anonymous_1)
FNDA:2,(anonymous_2)
FNDA:4,(anonymous_3)
FNDA:5,(anonymous_4)
FNDA:3,(anonymous_5)
FNDA:5,(anonymous_6)
FNDA:0,(anonymous_7)
FNDA:0,(anonymous_8)
DA:11,2
DA:13,2
DA:15,2
DA:16,2
DA:17,2
DA:18,0
DA:23,1
DA:29,1
DA:33,2
DA:34,2
DA:35,2
DA:37,2
DA:42,2
DA:43,1
DA:45,1
DA:51,1
DA:53,0
DA:57,2
DA:58,2
DA:59,2
DA:61,1
DA:62,1
DA:64,0
DA:68,2
DA:69,4
DA:70,4
DA:73,4
DA:74,1
DA:77,3
DA:82,3
DA:83,3
DA:86,2
DA:87,1
DA:90,1
DA:92,1
DA:93,1
DA:102,1
DA:103,1
DA:105,0
DA:109,2
DA:110,5
DA:111,5
DA:113,5
DA:114,1
DA:116,4
DA:117,4
DA:119,2
DA:120,2
DA:122,2
DA:123,1
DA:124,1
DA:130,1
DA:131,1
DA:134,1
DA:135,1
DA:136,1
DA:138,0
DA:142,2
DA:143,3
DA:144,3
DA:145,3
DA:147,3
DA:149,2
DA:153,2
DA:155,1
DA:156,1
DA:157,1
DA:159,1
DA:161,0
DA:165,2
DA:166,5
DA:167,5
DA:169,4
DA:170,4
DA:172,3
DA:173,1
DA:175,2
DA:176,2
DA:181,2
DA:183,0
DA:187,2
DA:188,0
DA:189,0
DA:190,0
DA:198,0
DA:199,0
DA:200,0
DA:202,0
DA:206,2
DA:207,0
DA:208,0
DA:210,0
DA:211,0
DA:218,0
DA:219,0
DA:221,0
DA:230,0
DA:231,0
DA:232,0
DA:233,0
DA:243,0
DA:244,0
DA:245,0
DA:246,0
DA:253,0
DA:254,0
DA:255,0
DA:257,0
DA:262,0
LF:109
LH:75
BRDA:17,0,0,0
BRDA:17,0,1,1
BRDA:42,1,0,1
BRDA:42,1,1,1
BRDA:59,2,0,1
BRDA:59,2,1,1
BRDA:73,3,0,1
BRDA:73,3,1,3
BRDA:73,4,0,4
BRDA:73,4,1,3
BRDA:83,5,0,1
BRDA:83,5,1,2
BRDA:86,6,0,1
BRDA:86,6,1,1
BRDA:113,7,0,1
BRDA:113,7,1,4
BRDA:113,8,0,5
BRDA:113,8,1,4
BRDA:117,9,0,2
BRDA:117,9,1,2
BRDA:120,10,0,0
BRDA:120,10,1,2
BRDA:122,11,0,1
BRDA:122,11,1,1
BRDA:147,12,0,1
BRDA:147,12,1,2
BRDA:153,13,0,1
BRDA:153,13,1,1
BRDA:167,14,0,1
BRDA:167,14,1,4
BRDA:170,15,0,1
BRDA:170,15,1,3
BRDA:172,16,0,1
BRDA:172,16,1,2
BRDA:230,17,0,0
BRDA:230,17,1,0
BRDA:245,18,0,0
BRDA:245,18,1,0
BRF:38
BRH:32
end_of_record
TN:
SF:models\Auth.js
FNF:0
FNH:0
DA:3,2
DA:31,2
LF:2
LH:2
BRF:0
BRH:0
end_of_record
TN:
SF:models\User.js
FNF:0
FNH:0
DA:3,2
DA:45,2
LF:2
LH:2
BRF:0
BRH:0
end_of_record
TN:
SF:nodemailer\config.js
FNF:0
FNH:0
DA:1,2
DA:2,2
LF:2
LH:2
BRF:0
BRH:0
end_of_record
TN:
SF:nodemailer\emailForm.js
FN:2,(anonymous_0)
FNF:1
FNH:1
FNDA:3,(anonymous_0)
DA:2,2
DA:3,3
LF:2
LH:2
BRDA:7,0,0,2
BRDA:7,0,1,1
BRDA:11,1,0,2
BRDA:11,1,1,1
BRDA:14,2,0,2
BRDA:14,2,1,1
BRDA:21,3,0,2
BRDA:21,3,1,1
BRF:8
BRH:8
end_of_record
TN:
SF:nodemailer\generateHash.js
FN:3,(anonymous_0)
FNF:1
FNH:1
FNDA:2,(anonymous_0)
DA:3,2
DA:4,2
DA:5,2
DA:6,2
LF:4
LH:4
BRF:0
BRH:0
end_of_record
TN:
SF:nodemailer\nodemail.js
FN:8,(anonymous_0)
FN:41,(anonymous_1)
FNF:2
FNH:1
FNDA:3,(anonymous_0)
FNDA:0,(anonymous_1)
DA:8,2
DA:9,3
DA:20,3
DA:24,3
DA:29,3
DA:31,3
DA:41,3
DA:42,0
DA:43,0
DA:45,0
DA:47,0
LF:11
LH:7
BRDA:8,0,0,2
BRDA:24,1,0,2
BRDA:24,1,1,1
BRDA:29,2,0,2
BRDA:29,2,1,1
BRDA:35,3,0,2
BRDA:35,3,1,1
BRDA:42,4,0,0
BRDA:42,4,1,0
BRF:9
BRH:7
end_of_record
TN:
SF:routers\globalRouter.js
FNF:0
FNH:0
DA:15,1
DA:18,1
DA:20,1
DA:22,1
DA:24,1
DA:26,1
DA:28,1
DA:30,1
DA:33,1
DA:34,1
LF:10
LH:10
BRF:0
BRH:0
end_of_record
TN:
SF:utils\throwError.js
FN:1,(anonymous_0)
FNF:1
FNH:1
FNDA:14,(anonymous_0)
DA:1,2
DA:2,14
DA:3,14
DA:4,14
LF:4
LH:4
BRF:0
BRH:0
end_of_record
