TN:
SF:app.js
FN:13,(anonymous_0)
FN:35,(anonymous_1)
FN:41,(anonymous_2)
FNF:3
FNH:2
FNDA:1,(anonymous_0)
FNDA:6,(anonymous_1)
FNDA:0,(anonymous_2)
DA:11,1
DA:13,1
DA:14,1
DA:16,1
DA:18,1
DA:19,1
DA:20,1
DA:21,1
DA:22,1
DA:32,1
DA:35,1
DA:37,6
DA:38,6
DA:41,1
DA:42,0
DA:47,1
LF:16
LH:15
BRDA:18,0,0,1
BRDA:18,0,1,0
BRDA:37,1,0,6
BRDA:37,1,1,0
BRF:4
BRH:2
end_of_record
TN:
SF:routes.js
FNF:0
FNH:0
DA:2,1
DA:5,1
DA:8,1
DA:11,1
DA:14,1
DA:17,1
DA:20,1
DA:23,1
DA:26,1
DA:27,1
DA:30,1
DA:32,1
LF:12
LH:12
BRF:0
BRH:0
end_of_record
TN:
SF:controllers\golobalController.js
FN:15,(anonymous_0)
FN:33,(anonymous_1)
FN:57,(anonymous_2)
FN:68,(anonymous_3)
FN:108,(anonymous_4)
FN:141,(anonymous_5)
FN:164,(anonymous_6)
FN:186,(anonymous_7)
FN:205,(anonymous_8)
FNF:9
FNH:7
FNDA:4,(anonymous_0)
FNDA:2,(anonymous_1)
FNDA:4,(anonymous_2)
FNDA:5,(anonymous_3)
FNDA:14,(anonymous_4)
FNDA:5,(anonymous_5)
FNDA:7,(anonymous_6)
FNDA:0,(anonymous_7)
FNDA:0,(anonymous_8)
DA:11,2
DA:13,2
DA:15,2
DA:16,4
DA:17,4
DA:18,1
DA:23,2
DA:29,1
DA:33,2
DA:34,2
DA:35,2
DA:37,2
DA:42,2
DA:43,1
DA:45,1
DA:51,1
DA:53,0
DA:57,2
DA:58,4
DA:59,4
DA:61,2
DA:62,2
DA:64,0
DA:68,2
DA:69,5
DA:70,5
DA:73,5
DA:74,1
DA:77,4
DA:82,4
DA:85,2
DA:86,1
DA:89,1
DA:91,1
DA:92,1
DA:101,1
DA:102,1
DA:104,0
DA:108,2
DA:109,14
DA:110,14
DA:112,14
DA:113,1
DA:115,13
DA:116,13
DA:118,10
DA:119,10
DA:121,9
DA:122,1
DA:123,1
DA:129,1
DA:130,1
DA:133,8
DA:134,8
DA:135,8
DA:137,0
DA:141,2
DA:142,5
DA:143,5
DA:144,5
DA:146,5
DA:148,4
DA:152,4
DA:154,2
DA:155,2
DA:156,2
DA:158,2
DA:160,0
DA:164,2
DA:165,7
DA:166,7
DA:168,5
DA:169,5
DA:171,4
DA:172,1
DA:174,3
DA:175,3
DA:180,3
DA:182,0
DA:186,2
DA:187,0
DA:188,0
DA:189,0
DA:197,0
DA:198,0
DA:199,0
DA:201,0
DA:205,2
DA:206,0
DA:207,0
DA:209,0
DA:210,0
DA:217,0
DA:218,0
DA:220,0
DA:229,0
DA:230,0
DA:231,0
DA:232,0
DA:242,0
DA:243,0
DA:244,0
DA:245,0
DA:252,0
DA:253,0
DA:254,0
DA:256,0
DA:261,0
LF:108
LH:75
BRDA:17,0,0,1
BRDA:17,0,1,2
BRDA:42,1,0,1
BRDA:42,1,1,1
BRDA:59,2,0,2
BRDA:59,2,1,2
BRDA:73,3,0,1
BRDA:73,3,1,4
BRDA:73,4,0,5
BRDA:73,4,1,4
BRDA:82,5,0,2
BRDA:82,5,1,2
BRDA:85,6,0,1
BRDA:85,6,1,1
BRDA:112,7,0,1
BRDA:112,7,1,13
BRDA:112,8,0,14
BRDA:112,8,1,13
BRDA:116,9,0,3
BRDA:116,9,1,10
BRDA:119,10,0,1
BRDA:119,10,1,9
BRDA:121,11,0,1
BRDA:121,11,1,8
BRDA:146,12,0,1
BRDA:146,12,1,4
BRDA:152,13,0,2
BRDA:152,13,1,2
BRDA:166,14,0,2
BRDA:166,14,1,5
BRDA:169,15,0,1
BRDA:169,15,1,4
BRDA:171,16,0,1
BRDA:171,16,1,3
BRDA:229,17,0,0
BRDA:229,17,1,0
BRDA:244,18,0,0
BRDA:244,18,1,0
BRF:38
BRH:34
end_of_record
TN:
SF:models\Auth.js
FNF:0
FNH:0
DA:3,2
DA:31,2
LF:2
LH:2
BRF:0
BRH:0
end_of_record
TN:
SF:models\User.js
FNF:0
FNH:0
DA:3,2
DA:45,2
LF:2
LH:2
BRF:0
BRH:0
end_of_record
TN:
SF:nodemailer\config.js
FNF:0
FNH:0
DA:1,2
DA:2,2
LF:2
LH:2
BRF:0
BRH:0
end_of_record
TN:
SF:nodemailer\emailForm.js
FN:2,(anonymous_0)
FNF:1
FNH:1
FNDA:4,(anonymous_0)
DA:2,2
DA:3,4
LF:2
LH:2
BRDA:7,0,0,2
BRDA:7,0,1,2
BRDA:11,1,0,2
BRDA:11,1,1,2
BRDA:14,2,0,2
BRDA:14,2,1,2
BRDA:21,3,0,2
BRDA:21,3,1,2
BRF:8
BRH:8
end_of_record
TN:
SF:nodemailer\generateHash.js
FN:3,(anonymous_0)
FNF:1
FNH:1
FNDA:2,(anonymous_0)
DA:3,2
DA:4,2
DA:5,2
DA:6,2
LF:4
LH:4
BRF:0
BRH:0
end_of_record
TN:
SF:nodemailer\nodemail.js
FN:8,(anonymous_0)
FN:41,(anonymous_1)
FNF:2
FNH:2
FNDA:4,(anonymous_0)
FNDA:1,(anonymous_1)
DA:8,2
DA:9,4
DA:20,4
DA:24,4
DA:29,4
DA:31,4
DA:41,4
DA:42,1
DA:43,0
DA:45,1
DA:47,1
LF:11
LH:10
BRDA:8,0,0,2
BRDA:24,1,0,2
BRDA:24,1,1,2
BRDA:29,2,0,2
BRDA:29,2,1,2
BRDA:35,3,0,2
BRDA:35,3,1,2
BRDA:42,4,0,0
BRDA:42,4,1,1
BRF:9
BRH:8
end_of_record
TN:
SF:routers\globalRouter.js
FNF:0
FNH:0
DA:15,1
DA:18,1
DA:20,1
DA:22,1
DA:24,1
DA:26,1
DA:28,1
DA:30,1
DA:33,1
DA:34,1
LF:10
LH:10
BRF:0
BRH:0
end_of_record
TN:
SF:utils\throwError.js
FN:1,(anonymous_0)
FNF:1
FNH:1
FNDA:20,(anonymous_0)
DA:1,2
DA:2,20
DA:3,20
DA:4,20
LF:4
LH:4
BRF:0
BRH:0
end_of_record
